  input.cpp
  graphics.cpp
  game.cpp
  Sounds.cpp
  ObjectManager.cpp
  Junk2Dentity.cpp
  Junk2DFont.cpp
  MainScene.cpp
  Junk2DMap.cpp
..\Headers\Junk2DMap.cpp(33): warning C4244: '=': 'float'에서 'int'(으)로 변환하면서 데이터가 손실될 수 있습니다.
..\Headers\Junk2DMap.cpp(34): warning C4244: '=': 'float'에서 'int'(으)로 변환하면서 데이터가 손실될 수 있습니다.
..\Headers\Junk2DMap.cpp(36): warning C4244: '인수': 'int'에서 'float'(으)로 변환하면서 데이터가 손실될 수 있습니다.
  컴파일하고 있습니다...
  winmain.cpp
  textureManager.cpp
  Junk2DSprite.cpp
..\Source\Junk2DSprite.cpp(185): warning C4244: '인수': 'float'에서 'int'(으)로 변환하면서 데이터가 손실될 수 있습니다.
  SecondScene.cpp
LINK : warning LNK4075: '/INCREMENTAL'이(가) '/OPT:ICF' 사양으로 인해 무시됩니다.
  Junk2DMap.obj : /GL로 컴파일한 MSIL .netmodule 또는 모듈이 있습니다. /LTCG를 지정하여 링크를 다시 시작하십시오. /LTCG를 링크 명령줄에 추가하면 링커 성능이 향상됩니다.
LINK : warning LNK4075: '/INCREMENTAL'이(가) '/LTCG' 사양으로 인해 무시됩니다.
  코드를 생성하고 있습니다.
e:\github\sagestudioproject_01\junkengine\source\junk2dfont.cpp(44): warning C4715: 'Junk2DFont::settingFontTexture': 모든 제어 경로에서 값을 반환하지는 않습니다.
  코드를 생성했습니다.
  JunkEngine.vcxproj -> E:\Github\sageStudioProject_01\JunkEngine\Release\JunkEngine.exe
  JunkEngine.vcxproj -> E:\Github\sageStudioProject_01\JunkEngine\Release\JunkEngine.pdb (Full PDB)
